<?xml version="1.0" encoding="UTF-8"?>
<!-- Generated by org.testng.reporters.JUnitReportReporter -->
<testsuite hostname="Skywalker" failures="0" tests="1" name="test.test" time="3.052" errors="0" timestamp="2025-08-06T21:45:19 IST" skipped="0">
  <testcase classname="test.test" name="getCustomer" time="3.052"/>
  <system-out>
    <![CDATA[database connected
browser launched and navigated to application
login successfull
logout is successful
browser closed successully
disconected from the database successfully]]>
  </system-out>
</testsuite> <!-- test.test -->
