<?xml version="1.0" encoding="UTF-8"?>
<!-- Generated by org.testng.reporters.JUnitReportReporter -->
<testsuite hostname="Skywalker" failures="0" tests="1" name="Practice.Demo" time="17.759" errors="0" timestamp="2025-08-13T12:43:23 IST" skipped="0">
  <testcase classname="Practice.Demo" name="practice" time="17.759"/>
  <system-out>
    <![CDATA[database connected
login successfull
logout is successful
browser closed successully
disconected from the database successfully]]>
  </system-out>
</testsuite> <!-- Practice.Demo -->
