<?xml version="1.0" encoding="UTF-8"?>
<!-- Generated by org.testng.reporters.JUnitReportReporter -->
<testsuite hostname="Skywalker" failures="0" tests="1" name="com.healthcare.Janitri.LoginPage" time="0.356" errors="0" timestamp="2025-09-07T01:48:29 IST" skipped="0">
  <testcase classname="com.healthcare.Janitri.LoginPage" name="testPasswordMaskedbutton" time="0.356"/>
  <system-out>
    <![CDATA[database connected
browser closed
database disconnected]]>
  </system-out>
</testsuite> <!-- com.healthcare.Janitri.LoginPage -->
